<?xml version="1.0" encoding="UTF-8"?>
<testng-results ignored="0" total="1" passed="1" failed="0" skipped="0">
  <reporter-output>
  </reporter-output>
  <suite started-at="2023-11-16T08:14:06 EST" name="Default Suite" finished-at="2023-11-16T08:14:06 EST" duration-ms="39">
    <groups>
    </groups>
    <test started-at="2023-11-16T08:14:06 EST" name="nesnAutomation" finished-at="2023-11-16T08:14:06 EST" duration-ms="39">
      <class name="tesCases">
        <test-method signature="test1()[pri:0, instance:tesCases@7fe8ea47]" started-at="2023-11-16T08:14:06 EST" name="test1" finished-at="2023-11-16T08:14:06 EST" duration-ms="6" status="PASS">
          <reporter-output>
          </reporter-output>
        </test-method> <!-- test1 -->
      </class> <!-- tesCases -->
    </test> <!-- nesnAutomation -->
  </suite> <!-- Default Suite -->
</testng-results>
